{"/Users/balkar_singh/evaluation4/auth/src/middlewares/auth.validator.js": {"path":"/Users/balkar_singh/evaluation4/auth/src/middlewares/auth.validator.js","statementMap":{"0":{"start":{"line":1,"column":12},"end":{"line":1,"column":26}},"1":{"start":{"line":3,"column":19},"end":{"line":6,"column":2}},"2":{"start":{"line":7,"column":20},"end":{"line":9,"column":2}},"3":{"start":{"line":10,"column":22},"end":{"line":19,"column":1}},"4":{"start":{"line":11,"column":20},"end":{"line":11,"column":49}},"5":{"start":{"line":12,"column":2},"end":{"line":18,"column":3}},"6":{"start":{"line":13,"column":4},"end":{"line":13,"column":23}},"7":{"start":{"line":14,"column":4},"end":{"line":14,"column":58}},"8":{"start":{"line":17,"column":4},"end":{"line":17,"column":11}},"9":{"start":{"line":21,"column":23},"end":{"line":30,"column":1}},"10":{"start":{"line":22,"column":16},"end":{"line":22,"column":33}},"11":{"start":{"line":23,"column":20},"end":{"line":23,"column":51}},"12":{"start":{"line":24,"column":2},"end":{"line":29,"column":3}},"13":{"start":{"line":25,"column":4},"end":{"line":25,"column":58}},"14":{"start":{"line":28,"column":4},"end":{"line":28,"column":11}},"15":{"start":{"line":32,"column":0},"end":{"line":32,"column":51}}},"fnMap":{"0":{"name":"(anonymous_0)","decl":{"start":{"line":10,"column":22},"end":{"line":10,"column":23}},"loc":{"start":{"line":10,"column":42},"end":{"line":19,"column":1}},"line":10},"1":{"name":"(anonymous_1)","decl":{"start":{"line":21,"column":23},"end":{"line":21,"column":24}},"loc":{"start":{"line":21,"column":43},"end":{"line":30,"column":1}},"line":21}},"branchMap":{"0":{"loc":{"start":{"line":12,"column":2},"end":{"line":18,"column":3}},"type":"if","locations":[{"start":{"line":12,"column":2},"end":{"line":18,"column":3}},{"start":{"line":16,"column":7},"end":{"line":18,"column":3}}],"line":12},"1":{"loc":{"start":{"line":24,"column":2},"end":{"line":29,"column":3}},"type":"if","locations":[{"start":{"line":24,"column":2},"end":{"line":29,"column":3}},{"start":{"line":27,"column":7},"end":{"line":29,"column":3}}],"line":24}},"s":{"0":1,"1":1,"2":1,"3":1,"4":2,"5":2,"6":1,"7":1,"8":1,"9":1,"10":2,"11":2,"12":2,"13":1,"14":1,"15":1},"f":{"0":2,"1":2},"b":{"0":[1,1],"1":[1,1]},"_coverageSchema":"1a1c01bbd47fc00a2c39e90264f33305004495a9","hash":"34941556c6fa71387b77dab40546d976f75bb78f"}
}
